[ 2017-02-09T18:42:48+08:00 ] ::1 /shop/
INFO: [ app_init ] --START--
INFO: Run Behavior\BuildLiteBehavior [ RunTime:0.000000s ]
INFO: [ app_init ] --END-- [ RunTime:0.000000s ]
INFO: [ app_begin ] --START--
INFO: Run Behavior\ReadHtmlCacheBehavior [ RunTime:0.000000s ]
INFO: [ app_begin ] --END-- [ RunTime:0.000000s ]
SQL: SHOW COLUMNS FROM `cat` [ RunTime:0.0040s ]
SQL: SELECT * FROM `cat`  [ RunTime:0.0000s ]
NOTIC: [8] Use of undefined constant parent_id - assumed 'parent_id' D:\WWW\shop\Admin\Model\CatModel.class.php 第 8 行.
SQL: SELECT * FROM `cat`  [ RunTime:0.0010s ]
NOTIC: [8] Use of undefined constant parent_id - assumed 'parent_id' D:\WWW\shop\Admin\Model\CatModel.class.php 第 8 行.
NOTIC: [8] Use of undefined constant parent_id - assumed 'parent_id' D:\WWW\shop\Admin\Model\CatModel.class.php 第 8 行.
SQL: SELECT * FROM `cat`  [ RunTime:0.0000s ]
NOTIC: [8] Use of undefined constant parent_id - assumed 'parent_id' D:\WWW\shop\Admin\Model\CatModel.class.php 第 8 行.
NOTIC: [8] Use of undefined constant parent_id - assumed 'parent_id' D:\WWW\shop\Admin\Model\CatModel.class.php 第 8 行.
NOTIC: [8] Use of undefined constant parent_id - assumed 'parent_id' D:\WWW\shop\Admin\Model\CatModel.class.php 第 8 行.
NOTIC: [8] Use of undefined constant parent_id - assumed 'parent_id' D:\WWW\shop\Admin\Model\CatModel.class.php 第 8 行.
NOTIC: [8] Use of undefined constant parent_id - assumed 'parent_id' D:\WWW\shop\Admin\Model\CatModel.class.php 第 8 行.
NOTIC: [8] Use of undefined constant parent_id - assumed 'parent_id' D:\WWW\shop\Admin\Model\CatModel.class.php 第 8 行.
NOTIC: [8] Use of undefined constant parent_id - assumed 'parent_id' D:\WWW\shop\Admin\Model\CatModel.class.php 第 8 行.
NOTIC: [8] Use of undefined constant parent_id - assumed 'parent_id' D:\WWW\shop\Admin\Model\CatModel.class.php 第 8 行.
NOTIC: [8] Use of undefined constant parent_id - assumed 'parent_id' D:\WWW\shop\Admin\Model\CatModel.class.php 第 8 行.
NOTIC: [8] Use of undefined constant parent_id - assumed 'parent_id' D:\WWW\shop\Admin\Model\CatModel.class.php 第 8 行.
NOTIC: [8] Use of undefined constant parent_id - assumed 'parent_id' D:\WWW\shop\Admin\Model\CatModel.class.php 第 8 行.
NOTIC: [8] Use of undefined constant parent_id - assumed 'parent_id' D:\WWW\shop\Admin\Model\CatModel.class.php 第 8 行.
NOTIC: [8] Use of undefined constant parent_id - assumed 'parent_id' D:\WWW\shop\Admin\Model\CatModel.class.php 第 8 行.
NOTIC: [8] Use of undefined constant parent_id - assumed 'parent_id' D:\WWW\shop\Admin\Model\CatModel.class.php 第 8 行.
NOTIC: [8] Use of undefined constant parent_id - assumed 'parent_id' D:\WWW\shop\Admin\Model\CatModel.class.php 第 8 行.
NOTIC: [8] Use of undefined constant parent_id - assumed 'parent_id' D:\WWW\shop\Admin\Model\CatModel.class.php 第 8 行.
SQL: SELECT * FROM `cat`  [ RunTime:0.0000s ]
NOTIC: [8] Use of undefined constant parent_id - assumed 'parent_id' D:\WWW\shop\Admin\Model\CatModel.class.php 第 8 行.
NOTIC: [8] Use of undefined constant parent_id - assumed 'parent_id' D:\WWW\shop\Admin\Model\CatModel.class.php 第 8 行.
NOTIC: [8] Use of undefined constant parent_id - assumed 'parent_id' D:\WWW\shop\Admin\Model\CatModel.class.php 第 8 行.
NOTIC: [8] Use of undefined constant parent_id - assumed 'parent_id' D:\WWW\shop\Admin\Model\CatModel.class.php 第 8 行.
NOTIC: [8] Use of undefined constant parent_id - assumed 'parent_id' D:\WWW\shop\Admin\Model\CatModel.class.php 第 8 行.
NOTIC: [8] Use of undefined constant parent_id - assumed 'parent_id' D:\WWW\shop\Admin\Model\CatModel.class.php 第 8 行.
NOTIC: [8] Use of undefined constant parent_id - assumed 'parent_id' D:\WWW\shop\Admin\Model\CatModel.class.php 第 8 行.
NOTIC: [8] Use of undefined constant parent_id - assumed 'parent_id' D:\WWW\shop\Admin\Model\CatModel.class.php 第 8 行.
NOTIC: [8] Use of undefined constant parent_id - assumed 'parent_id' D:\WWW\shop\Admin\Model\CatModel.class.php 第 8 行.
NOTIC: [8] Use of undefined constant parent_id - assumed 'parent_id' D:\WWW\shop\Admin\Model\CatModel.class.php 第 8 行.
NOTIC: [8] Use of undefined constant parent_id - assumed 'parent_id' D:\WWW\shop\Admin\Model\CatModel.class.php 第 8 行.
NOTIC: [8] Use of undefined constant parent_id - assumed 'parent_id' D:\WWW\shop\Admin\Model\CatModel.class.php 第 8 行.
NOTIC: [8] Use of undefined constant parent_id - assumed 'parent_id' D:\WWW\shop\Admin\Model\CatModel.class.php 第 8 行.
NOTIC: [8] Use of undefined constant parent_id - assumed 'parent_id' D:\WWW\shop\Admin\Model\CatModel.class.php 第 8 行.
NOTIC: [8] Use of undefined constant parent_id - assumed 'parent_id' D:\WWW\shop\Admin\Model\CatModel.class.php 第 8 行.
NOTIC: [8] Use of undefined constant parent_id - assumed 'parent_id' D:\WWW\shop\Admin\Model\CatModel.class.php 第 8 行.
SQL: SELECT * FROM `cat`  [ RunTime:0.0000s ]
NOTIC: [8] Use of undefined constant parent_id - assumed 'parent_id' D:\WWW\shop\Admin\Model\CatModel.class.php 第 8 行.
NOTIC: [8] Use of undefined constant parent_id - assumed 'parent_id' D:\WWW\shop\Admin\Model\CatModel.class.php 第 8 行.
NOTIC: [8] Use of undefined constant parent_id - assumed 'parent_id' D:\WWW\shop\Admin\Model\CatModel.class.php 第 8 行.
NOTIC: [8] Use of undefined constant parent_id - assumed 'parent_id' D:\WWW\shop\Admin\Model\CatModel.class.php 第 8 行.
NOTIC: [8] Use of undefined constant parent_id - assumed 'parent_id' D:\WWW\shop\Admin\Model\CatModel.class.php 第 8 行.
NOTIC: [8] Use of undefined constant parent_id - assumed 'parent_id' D:\WWW\shop\Admin\Model\CatModel.class.php 第 8 行.
NOTIC: [8] Use of undefined constant parent_id - assumed 'parent_id' D:\WWW\shop\Admin\Model\CatModel.class.php 第 8 行.
NOTIC: [8] Use of undefined constant parent_id - assumed 'parent_id' D:\WWW\shop\Admin\Model\CatModel.class.php 第 8 行.
NOTIC: [8] Use of undefined constant parent_id - assumed 'parent_id' D:\WWW\shop\Admin\Model\CatModel.class.php 第 8 行.
NOTIC: [8] Use of undefined constant parent_id - assumed 'parent_id' D:\WWW\shop\Admin\Model\CatModel.class.php 第 8 行.
NOTIC: [8] Use of undefined constant parent_id - assumed 'parent_id' D:\WWW\shop\Admin\Model\CatModel.class.php 第 8 行.
NOTIC: [8] Use of undefined constant parent_id - assumed 'parent_id' D:\WWW\shop\Admin\Model\CatModel.class.php 第 8 行.
NOTIC: [8] Use of undefined constant parent_id - assumed 'parent_id' D:\WWW\shop\Admin\Model\CatModel.class.php 第 8 行.
NOTIC: [8] Use of undefined constant parent_id - assumed 'parent_id' D:\WWW\shop\Admin\Model\CatModel.class.php 第 8 行.
NOTIC: [8] Use of undefined constant parent_id - assumed 'parent_id' D:\WWW\shop\Admin\Model\CatModel.class.php 第 8 行.
SQL: SELECT * FROM `cat`  [ RunTime:0.0000s ]
NOTIC: [8] Use of undefined constant parent_id - assumed 'parent_id' D:\WWW\shop\Admin\Model\CatModel.class.php 第 8 行.
NOTIC: [8] Use of undefined constant parent_id - assumed 'parent_id' D:\WWW\shop\Admin\Model\CatModel.class.php 第 8 行.
NOTIC: [8] Use of undefined constant parent_id - assumed 'parent_id' D:\WWW\shop\Admin\Model\CatModel.class.php 第 8 行.
NOTIC: [8] Use of undefined constant parent_id - assumed 'parent_id' D:\WWW\shop\Admin\Model\CatModel.class.php 第 8 行.
NOTIC: [8] Use of undefined constant parent_id - assumed 'parent_id' D:\WWW\shop\Admin\Model\CatModel.class.php 第 8 行.
NOTIC: [8] Use of undefined constant parent_id - assumed 'parent_id' D:\WWW\shop\Admin\Model\CatModel.class.php 第 8 行.
NOTIC: [8] Use of undefined constant parent_id - assumed 'parent_id' D:\WWW\shop\Admin\Model\CatModel.class.php 第 8 行.
NOTIC: [8] Use of undefined constant parent_id - assumed 'parent_id' D:\WWW\shop\Admin\Model\CatModel.class.php 第 8 行.
NOTIC: [8] Use of undefined constant parent_id - assumed 'parent_id' D:\WWW\shop\Admin\Model\CatModel.class.php 第 8 行.
NOTIC: [8] Use of undefined constant parent_id - assumed 'parent_id' D:\WWW\shop\Admin\Model\CatModel.class.php 第 8 行.
NOTIC: [8] Use of undefined constant parent_id - assumed 'parent_id' D:\WWW\shop\Admin\Model\CatModel.class.php 第 8 行.
NOTIC: [8] Use of undefined constant parent_id - assumed 'parent_id' D:\WWW\shop\Admin\Model\CatModel.class.php 第 8 行.
NOTIC: [8] Use of undefined constant parent_id - assumed 'parent_id' D:\WWW\shop\Admin\Model\CatModel.class.php 第 8 行.
NOTIC: [8] Use of undefined constant parent_id - assumed 'parent_id' D:\WWW\shop\Admin\Model\CatModel.class.php 第 8 行.
NOTIC: [8] Use of undefined constant parent_id - assumed 'parent_id' D:\WWW\shop\Admin\Model\CatModel.class.php 第 8 行.
NOTIC: [8] Use of undefined constant parent_id - assumed 'parent_id' D:\WWW\shop\Admin\Model\CatModel.class.php 第 8 行.
SQL: SELECT * FROM `cat`  [ RunTime:0.0000s ]
NOTIC: [8] Use of undefined constant parent_id - assumed 'parent_id' D:\WWW\shop\Admin\Model\CatModel.class.php 第 8 行.
NOTIC: [8] Use of undefined constant parent_id - assumed 'parent_id' D:\WWW\shop\Admin\Model\CatModel.class.php 第 8 行.
NOTIC: [8] Use of undefined constant parent_id - assumed 'parent_id' D:\WWW\shop\Admin\Model\CatModel.class.php 第 8 行.
NOTIC: [8] Use of undefined constant parent_id - assumed 'parent_id' D:\WWW\shop\Admin\Model\CatModel.class.php 第 8 行.
NOTIC: [8] Use of undefined constant parent_id - assumed 'parent_id' D:\WWW\shop\Admin\Model\CatModel.class.php 第 8 行.
NOTIC: [8] Use of undefined constant parent_id - assumed 'parent_id' D:\WWW\shop\Admin\Model\CatModel.class.php 第 8 行.
NOTIC: [8] Use of undefined constant parent_id - assumed 'parent_id' D:\WWW\shop\Admin\Model\CatModel.class.php 第 8 行.
NOTIC: [8] Use of undefined constant parent_id - assumed 'parent_id' D:\WWW\shop\Admin\Model\CatModel.class.php 第 8 行.
NOTIC: [8] Use of undefined constant parent_id - assumed 'parent_id' D:\WWW\shop\Admin\Model\CatModel.class.php 第 8 行.
NOTIC: [8] Use of undefined constant parent_id - assumed 'parent_id' D:\WWW\shop\Admin\Model\CatModel.class.php 第 8 行.
NOTIC: [8] Use of undefined constant parent_id - assumed 'parent_id' D:\WWW\shop\Admin\Model\CatModel.class.php 第 8 行.
NOTIC: [8] Use of undefined constant parent_id - assumed 'parent_id' D:\WWW\shop\Admin\Model\CatModel.class.php 第 8 行.
NOTIC: [8] Use of undefined constant parent_id - assumed 'parent_id' D:\WWW\shop\Admin\Model\CatModel.class.php 第 8 行.
NOTIC: [8] Use of undefined constant parent_id - assumed 'parent_id' D:\WWW\shop\Admin\Model\CatModel.class.php 第 8 行.
NOTIC: [8] Use of undefined constant parent_id - assumed 'parent_id' D:\WWW\shop\Admin\Model\CatModel.class.php 第 8 行.
NOTIC: [8] Use of undefined constant parent_id - assumed 'parent_id' D:\WWW\shop\Admin\Model\CatModel.class.php 第 8 行.
NOTIC: [8] Use of undefined constant parent_id - assumed 'parent_id' D:\WWW\shop\Admin\Model\CatModel.class.php 第 8 行.
NOTIC: [8] Use of undefined constant parent_id - assumed 'parent_id' D:\WWW\shop\Admin\Model\CatModel.class.php 第 8 行.
NOTIC: [8] Use of undefined constant parent_id - assumed 'parent_id' D:\WWW\shop\Admin\Model\CatModel.class.php 第 8 行.
NOTIC: [8] Use of undefined constant parent_id - assumed 'parent_id' D:\WWW\shop\Admin\Model\CatModel.class.php 第 8 行.
NOTIC: [8] Use of undefined constant parent_id - assumed 'parent_id' D:\WWW\shop\Admin\Model\CatModel.class.php 第 8 行.
NOTIC: [8] Use of undefined constant parent_id - assumed 'parent_id' D:\WWW\shop\Admin\Model\CatModel.class.php 第 8 行.
NOTIC: [8] Use of undefined constant parent_id - assumed 'parent_id' D:\WWW\shop\Admin\Model\CatModel.class.php 第 8 行.
NOTIC: [8] Use of undefined constant parent_id - assumed 'parent_id' D:\WWW\shop\Admin\Model\CatModel.class.php 第 8 行.
NOTIC: [8] Use of undefined constant parent_id - assumed 'parent_id' D:\WWW\shop\Admin\Model\CatModel.class.php 第 8 行.
NOTIC: [8] Use of undefined constant parent_id - assumed 'parent_id' D:\WWW\shop\Admin\Model\CatModel.class.php 第 8 行.
NOTIC: [8] Use of undefined constant parent_id - assumed 'parent_id' D:\WWW\shop\Admin\Model\CatModel.class.php 第 8 行.
NOTIC: [8] Use of undefined constant parent_id - assumed 'parent_id' D:\WWW\shop\Admin\Model\CatModel.class.php 第 8 行.
NOTIC: [8] Use of undefined constant parent_id - assumed 'parent_id' D:\WWW\shop\Admin\Model\CatModel.class.php 第 8 行.
NOTIC: [8] Use of undefined constant parent_id - assumed 'parent_id' D:\WWW\shop\Admin\Model\CatModel.class.php 第 8 行.
SQL: SELECT * FROM `cat`  [ RunTime:0.0010s ]
NOTIC: [8] Use of undefined constant parent_id - assumed 'parent_id' D:\WWW\shop\Admin\Model\CatModel.class.php 第 8 行.
NOTIC: [8] Use of undefined constant parent_id - assumed 'parent_id' D:\WWW\shop\Admin\Model\CatModel.class.php 第 8 行.
NOTIC: [8] Use of undefined constant parent_id - assumed 'parent_id' D:\WWW\shop\Admin\Model\CatModel.class.php 第 8 行.
NOTIC: [8] Use of undefined constant parent_id - assumed 'parent_id' D:\WWW\shop\Admin\Model\CatModel.class.php 第 8 行.
NOTIC: [8] Use of undefined constant parent_id - assumed 'parent_id' D:\WWW\shop\Admin\Model\CatModel.class.php 第 8 行.
NOTIC: [8] Use of undefined constant parent_id - assumed 'parent_id' D:\WWW\shop\Admin\Model\CatModel.class.php 第 8 行.
NOTIC: [8] Use of undefined constant parent_id - assumed 'parent_id' D:\WWW\shop\Admin\Model\CatModel.class.php 第 8 行.
SQL: SELECT * FROM `cat`  [ RunTime:0.0000s ]
NOTIC: [8] Use of undefined constant parent_id - assumed 'parent_id' D:\WWW\shop\Admin\Model\CatModel.class.php 第 8 行.
NOTIC: [8] Use of undefined constant parent_id - assumed 'parent_id' D:\WWW\shop\Admin\Model\CatModel.class.php 第 8 行.
NOTIC: [8] Use of undefined constant parent_id - assumed 'parent_id' D:\WWW\shop\Admin\Model\CatModel.class.php 第 8 行.
NOTIC: [8] Use of undefined constant parent_id - assumed 'parent_id' D:\WWW\shop\Admin\Model\CatModel.class.php 第 8 行.
NOTIC: [8] Use of undefined constant parent_id - assumed 'parent_id' D:\WWW\shop\Admin\Model\CatModel.class.php 第 8 行.
NOTIC: [8] Use of undefined constant parent_id - assumed 'parent_id' D:\WWW\shop\Admin\Model\CatModel.class.php 第 8 行.
NOTIC: [8] Use of undefined constant parent_id - assumed 'parent_id' D:\WWW\shop\Admin\Model\CatModel.class.php 第 8 行.
NOTIC: [8] Use of undefined constant parent_id - assumed 'parent_id' D:\WWW\shop\Admin\Model\CatModel.class.php 第 8 行.
NOTIC: [8] Use of undefined constant parent_id - assumed 'parent_id' D:\WWW\shop\Admin\Model\CatModel.class.php 第 8 行.
NOTIC: [8] Use of undefined constant parent_id - assumed 'parent_id' D:\WWW\shop\Admin\Model\CatModel.class.php 第 8 行.
NOTIC: [8] Use of undefined constant parent_id - assumed 'parent_id' D:\WWW\shop\Admin\Model\CatModel.class.php 第 8 行.
NOTIC: [8] Use of undefined constant parent_id - assumed 'parent_id' D:\WWW\shop\Admin\Model\CatModel.class.php 第 8 行.
NOTIC: [8] Use of undefined constant parent_id - assumed 'parent_id' D:\WWW\shop\Admin\Model\CatModel.class.php 第 8 行.
NOTIC: [8] Use of undefined constant parent_id - assumed 'parent_id' D:\WWW\shop\Admin\Model\CatModel.class.php 第 8 行.
NOTIC: [8] Use of undefined constant parent_id - assumed 'parent_id' D:\WWW\shop\Admin\Model\CatModel.class.php 第 8 行.
NOTIC: [8] Use of undefined constant parent_id - assumed 'parent_id' D:\WWW\shop\Admin\Model\CatModel.class.php 第 8 行.
SQL: SELECT * FROM `cat`  [ RunTime:0.0000s ]
NOTIC: [8] Use of undefined constant parent_id - assumed 'parent_id' D:\WWW\shop\Admin\Model\CatModel.class.php 第 8 行.
NOTIC: [8] Use of undefined constant parent_id - assumed 'parent_id' D:\WWW\shop\Admin\Model\CatModel.class.php 第 8 行.
NOTIC: [8] Use of undefined constant parent_id - assumed 'parent_id' D:\WWW\shop\Admin\Model\CatModel.class.php 第 8 行.
NOTIC: [8] Use of undefined constant parent_id - assumed 'parent_id' D:\WWW\shop\Admin\Model\CatModel.class.php 第 8 行.
NOTIC: [8] Use of undefined constant parent_id - assumed 'parent_id' D:\WWW\shop\Admin\Model\CatModel.class.php 第 8 行.
NOTIC: [8] Use of undefined constant parent_id - assumed 'parent_id' D:\WWW\shop\Admin\Model\CatModel.class.php 第 8 行.
NOTIC: [8] Use of undefined constant parent_id - assumed 'parent_id' D:\WWW\shop\Admin\Model\CatModel.class.php 第 8 行.
NOTIC: [8] Use of undefined constant parent_id - assumed 'parent_id' D:\WWW\shop\Admin\Model\CatModel.class.php 第 8 行.
NOTIC: [8] Use of undefined constant parent_id - assumed 'parent_id' D:\WWW\shop\Admin\Model\CatModel.class.php 第 8 行.
NOTIC: [8] Use of undefined constant parent_id - assumed 'parent_id' D:\WWW\shop\Admin\Model\CatModel.class.php 第 8 行.
NOTIC: [8] Use of undefined constant parent_id - assumed 'parent_id' D:\WWW\shop\Admin\Model\CatModel.class.php 第 8 行.
NOTIC: [8] Use of undefined constant parent_id - assumed 'parent_id' D:\WWW\shop\Admin\Model\CatModel.class.php 第 8 行.
NOTIC: [8] Use of undefined constant parent_id - assumed 'parent_id' D:\WWW\shop\Admin\Model\CatModel.class.php 第 8 行.
NOTIC: [8] Use of undefined constant parent_id - assumed 'parent_id' D:\WWW\shop\Admin\Model\CatModel.class.php 第 8 行.
NOTIC: [8] Use of undefined constant parent_id - assumed 'parent_id' D:\WWW\shop\Admin\Model\CatModel.class.php 第 8 行.
NOTIC: [8] Use of undefined constant parent_id - assumed 'parent_id' D:\WWW\shop\Admin\Model\CatModel.class.php 第 8 行.
SQL: SELECT * FROM `cat`  [ RunTime:0.0000s ]
NOTIC: [8] Use of undefined constant parent_id - assumed 'parent_id' D:\WWW\shop\Admin\Model\CatModel.class.php 第 8 行.
NOTIC: [8] Use of undefined constant parent_id - assumed 'parent_id' D:\WWW\shop\Admin\Model\CatModel.class.php 第 8 行.
NOTIC: [8] Use of undefined constant parent_id - assumed 'parent_id' D:\WWW\shop\Admin\Model\CatModel.class.php 第 8 行.
NOTIC: [8] Use of undefined constant parent_id - assumed 'parent_id' D:\WWW\shop\Admin\Model\CatModel.class.php 第 8 行.
NOTIC: [8] Use of undefined constant parent_id - assumed 'parent_id' D:\WWW\shop\Admin\Model\CatModel.class.php 第 8 行.
NOTIC: [8] Use of undefined constant parent_id - assumed 'parent_id' D:\WWW\shop\Admin\Model\CatModel.class.php 第 8 行.
NOTIC: [8] Use of undefined constant parent_id - assumed 'parent_id' D:\WWW\shop\Admin\Model\CatModel.class.php 第 8 行.
NOTIC: [8] Use of undefined constant parent_id - assumed 'parent_id' D:\WWW\shop\Admin\Model\CatModel.class.php 第 8 行.
NOTIC: [8] Use of undefined constant parent_id - assumed 'parent_id' D:\WWW\shop\Admin\Model\CatModel.class.php 第 8 行.
NOTIC: [8] Use of undefined constant parent_id - assumed 'parent_id' D:\WWW\shop\Admin\Model\CatModel.class.php 第 8 行.
NOTIC: [8] Use of undefined constant parent_id - assumed 'parent_id' D:\WWW\shop\Admin\Model\CatModel.class.php 第 8 行.
NOTIC: [8] Use of undefined constant parent_id - assumed 'parent_id' D:\WWW\shop\Admin\Model\CatModel.class.php 第 8 行.
NOTIC: [8] Use of undefined constant parent_id - assumed 'parent_id' D:\WWW\shop\Admin\Model\CatModel.class.php 第 8 行.
NOTIC: [8] Use of undefined constant parent_id - assumed 'parent_id' D:\WWW\shop\Admin\Model\CatModel.class.php 第 8 行.
NOTIC: [8] Use of undefined constant parent_id - assumed 'parent_id' D:\WWW\shop\Admin\Model\CatModel.class.php 第 8 行.
NOTIC: [8] Use of undefined constant parent_id - assumed 'parent_id' D:\WWW\shop\Admin\Model\CatModel.class.php 第 8 行.
SQL: SELECT * FROM `cat`  [ RunTime:0.0000s ]
NOTIC: [8] Use of undefined constant parent_id - assumed 'parent_id' D:\WWW\shop\Admin\Model\CatModel.class.php 第 8 行.
NOTIC: [8] Use of undefined constant parent_id - assumed 'parent_id' D:\WWW\shop\Admin\Model\CatModel.class.php 第 8 行.
NOTIC: [8] Use of undefined constant parent_id - assumed 'parent_id' D:\WWW\shop\Admin\Model\CatModel.class.php 第 8 行.
NOTIC: [8] Use of undefined constant parent_id - assumed 'parent_id' D:\WWW\shop\Admin\Model\CatModel.class.php 第 8 行.
NOTIC: [8] Use of undefined constant parent_id - assumed 'parent_id' D:\WWW\shop\Admin\Model\CatModel.class.php 第 8 行.
NOTIC: [8] Use of undefined constant parent_id - assumed 'parent_id' D:\WWW\shop\Admin\Model\CatModel.class.php 第 8 行.
NOTIC: [8] Use of undefined constant parent_id - assumed 'parent_id' D:\WWW\shop\Admin\Model\CatModel.class.php 第 8 行.
NOTIC: [8] Use of undefined constant parent_id - assumed 'parent_id' D:\WWW\shop\Admin\Model\CatModel.class.php 第 8 行.
NOTIC: [8] Use of undefined constant parent_id - assumed 'parent_id' D:\WWW\shop\Admin\Model\CatModel.class.php 第 8 行.
NOTIC: [8] Use of undefined constant parent_id - assumed 'parent_id' D:\WWW\shop\Admin\Model\CatModel.class.php 第 8 行.
NOTIC: [8] Use of undefined constant parent_id - assumed 'parent_id' D:\WWW\shop\Admin\Model\CatModel.class.php 第 8 行.
NOTIC: [8] Use of undefined constant parent_id - assumed 'parent_id' D:\WWW\shop\Admin\Model\CatModel.class.php 第 8 行.
NOTIC: [8] Use of undefined constant parent_id - assumed 'parent_id' D:\WWW\shop\Admin\Model\CatModel.class.php 第 8 行.
NOTIC: [8] Use of undefined constant parent_id - assumed 'parent_id' D:\WWW\shop\Admin\Model\CatModel.class.php 第 8 行.
NOTIC: [8] Use of undefined constant parent_id - assumed 'parent_id' D:\WWW\shop\Admin\Model\CatModel.class.php 第 8 行.
NOTIC: [8] Use of undefined constant parent_id - assumed 'parent_id' D:\WWW\shop\Admin\Model\CatModel.class.php 第 8 行.
NOTIC: [8] Use of undefined constant parent_id - assumed 'parent_id' D:\WWW\shop\Admin\Model\CatModel.class.php 第 8 行.
NOTIC: [8] Use of undefined constant parent_id - assumed 'parent_id' D:\WWW\shop\Admin\Model\CatModel.class.php 第 8 行.
NOTIC: [8] Use of undefined constant parent_id - assumed 'parent_id' D:\WWW\shop\Admin\Model\CatModel.class.php 第 8 行.
NOTIC: [8] Use of undefined constant parent_id - assumed 'parent_id' D:\WWW\shop\Admin\Model\CatModel.class.php 第 8 行.
NOTIC: [8] Use of undefined constant parent_id - assumed 'parent_id' D:\WWW\shop\Admin\Model\CatModel.class.php 第 8 行.
NOTIC: [8] Use of undefined constant parent_id - assumed 'parent_id' D:\WWW\shop\Admin\Model\CatModel.class.php 第 8 行.
NOTIC: [8] Use of undefined constant parent_id - assumed 'parent_id' D:\WWW\shop\Admin\Model\CatModel.class.php 第 8 行.
NOTIC: [8] Use of undefined constant parent_id - assumed 'parent_id' D:\WWW\shop\Admin\Model\CatModel.class.php 第 8 行.
NOTIC: [8] Use of undefined constant parent_id - assumed 'parent_id' D:\WWW\shop\Admin\Model\CatModel.class.php 第 8 行.
SQL: SELECT * FROM `cat`  [ RunTime:0.0000s ]
NOTIC: [8] Use of undefined constant parent_id - assumed 'parent_id' D:\WWW\shop\Admin\Model\CatModel.class.php 第 8 行.
NOTIC: [8] Use of undefined constant parent_id - assumed 'parent_id' D:\WWW\shop\Admin\Model\CatModel.class.php 第 8 行.
NOTIC: [8] Use of undefined constant parent_id - assumed 'parent_id' D:\WWW\shop\Admin\Model\CatModel.class.php 第 8 行.
NOTIC: [8] Use of undefined constant parent_id - assumed 'parent_id' D:\WWW\shop\Admin\Model\CatModel.class.php 第 8 行.
NOTIC: [8] Use of undefined constant parent_id - assumed 'parent_id' D:\WWW\shop\Admin\Model\CatModel.class.php 第 8 行.
NOTIC: [8] Use of undefined constant parent_id - assumed 'parent_id' D:\WWW\shop\Admin\Model\CatModel.class.php 第 8 行.
NOTIC: [8] Use of undefined constant parent_id - assumed 'parent_id' D:\WWW\shop\Admin\Model\CatModel.class.php 第 8 行.
NOTIC: [8] Use of undefined constant parent_id - assumed 'parent_id' D:\WWW\shop\Admin\Model\CatModel.class.php 第 8 行.
NOTIC: [8] Use of undefined constant parent_id - assumed 'parent_id' D:\WWW\shop\Admin\Model\CatModel.class.php 第 8 行.
NOTIC: [8] Use of undefined constant parent_id - assumed 'parent_id' D:\WWW\shop\Admin\Model\CatModel.class.php 第 8 行.
NOTIC: [8] Use of undefined constant parent_id - assumed 'parent_id' D:\WWW\shop\Admin\Model\CatModel.class.php 第 8 行.
NOTIC: [8] Use of undefined constant parent_id - assumed 'parent_id' D:\WWW\shop\Admin\Model\CatModel.class.php 第 8 行.
SQL: SELECT * FROM `cat`  [ RunTime:0.0000s ]
NOTIC: [8] Use of undefined constant parent_id - assumed 'parent_id' D:\WWW\shop\Admin\Model\CatModel.class.php 第 8 行.
NOTIC: [8] Use of undefined constant parent_id - assumed 'parent_id' D:\WWW\shop\Admin\Model\CatModel.class.php 第 8 行.
NOTIC: [8] Use of undefined constant parent_id - assumed 'parent_id' D:\WWW\shop\Admin\Model\CatModel.class.php 第 8 行.
NOTIC: [8] Use of undefined constant parent_id - assumed 'parent_id' D:\WWW\shop\Admin\Model\CatModel.class.php 第 8 行.
NOTIC: [8] Use of undefined constant parent_id - assumed 'parent_id' D:\WWW\shop\Admin\Model\CatModel.class.php 第 8 行.
NOTIC: [8] Use of undefined constant parent_id - assumed 'parent_id' D:\WWW\shop\Admin\Model\CatModel.class.php 第 8 行.
NOTIC: [8] Use of undefined constant parent_id - assumed 'parent_id' D:\WWW\shop\Admin\Model\CatModel.class.php 第 8 行.
NOTIC: [8] Use of undefined constant parent_id - assumed 'parent_id' D:\WWW\shop\Admin\Model\CatModel.class.php 第 8 行.
NOTIC: [8] Use of undefined constant parent_id - assumed 'parent_id' D:\WWW\shop\Admin\Model\CatModel.class.php 第 8 行.
NOTIC: [8] Use of undefined constant parent_id - assumed 'parent_id' D:\WWW\shop\Admin\Model\CatModel.class.php 第 8 行.
NOTIC: [8] Use of undefined constant parent_id - assumed 'parent_id' D:\WWW\shop\Admin\Model\CatModel.class.php 第 8 行.
NOTIC: [8] Use of undefined constant parent_id - assumed 'parent_id' D:\WWW\shop\Admin\Model\CatModel.class.php 第 8 行.
NOTIC: [8] Use of undefined constant parent_id - assumed 'parent_id' D:\WWW\shop\Admin\Model\CatModel.class.php 第 8 行.
NOTIC: [8] Use of undefined constant parent_id - assumed 'parent_id' D:\WWW\shop\Admin\Model\CatModel.class.php 第 8 行.
NOTIC: [8] Use of undefined constant parent_id - assumed 'parent_id' D:\WWW\shop\Admin\Model\CatModel.class.php 第 8 行.
NOTIC: [8] Use of undefined constant parent_id - assumed 'parent_id' D:\WWW\shop\Admin\Model\CatModel.class.php 第 8 行.
SQL: SELECT * FROM `cat`  [ RunTime:0.0000s ]
NOTIC: [8] Use of undefined constant parent_id - assumed 'parent_id' D:\WWW\shop\Admin\Model\CatModel.class.php 第 8 行.
NOTIC: [8] Use of undefined constant parent_id - assumed 'parent_id' D:\WWW\shop\Admin\Model\CatModel.class.php 第 8 行.
NOTIC: [8] Use of undefined constant parent_id - assumed 'parent_id' D:\WWW\shop\Admin\Model\CatModel.class.php 第 8 行.
NOTIC: [8] Use of undefined constant parent_id - assumed 'parent_id' D:\WWW\shop\Admin\Model\CatModel.class.php 第 8 行.
NOTIC: [8] Use of undefined constant parent_id - assumed 'parent_id' D:\WWW\shop\Admin\Model\CatModel.class.php 第 8 行.
NOTIC: [8] Use of undefined constant parent_id - assumed 'parent_id' D:\WWW\shop\Admin\Model\CatModel.class.php 第 8 行.
NOTIC: [8] Use of undefined constant parent_id - assumed 'parent_id' D:\WWW\shop\Admin\Model\CatModel.class.php 第 8 行.
NOTIC: [8] Use of undefined constant parent_id - assumed 'parent_id' D:\WWW\shop\Admin\Model\CatModel.class.php 第 8 行.
NOTIC: [8] Use of undefined constant parent_id - assumed 'parent_id' D:\WWW\shop\Admin\Model\CatModel.class.php 第 8 行.
NOTIC: [8] Use of undefined constant parent_id - assumed 'parent_id' D:\WWW\shop\Admin\Model\CatModel.class.php 第 8 行.
NOTIC: [8] Use of undefined constant parent_id - assumed 'parent_id' D:\WWW\shop\Admin\Model\CatModel.class.php 第 8 行.
NOTIC: [8] Use of undefined constant parent_id - assumed 'parent_id' D:\WWW\shop\Admin\Model\CatModel.class.php 第 8 行.
NOTIC: [8] Use of undefined constant parent_id - assumed 'parent_id' D:\WWW\shop\Admin\Model\CatModel.class.php 第 8 行.
NOTIC: [8] Use of undefined constant parent_id - assumed 'parent_id' D:\WWW\shop\Admin\Model\CatModel.class.php 第 8 行.
NOTIC: [8] Use of undefined constant parent_id - assumed 'parent_id' D:\WWW\shop\Admin\Model\CatModel.class.php 第 8 行.
NOTIC: [8] Use of undefined constant parent_id - assumed 'parent_id' D:\WWW\shop\Admin\Model\CatModel.class.php 第 8 行.
SQL: SELECT * FROM `cat`  [ RunTime:0.0000s ]
NOTIC: [8] Use of undefined constant parent_id - assumed 'parent_id' D:\WWW\shop\Admin\Model\CatModel.class.php 第 8 行.
NOTIC: [8] Use of undefined constant parent_id - assumed 'parent_id' D:\WWW\shop\Admin\Model\CatModel.class.php 第 8 行.
NOTIC: [8] Use of undefined constant parent_id - assumed 'parent_id' D:\WWW\shop\Admin\Model\CatModel.class.php 第 8 行.
NOTIC: [8] Use of undefined constant parent_id - assumed 'parent_id' D:\WWW\shop\Admin\Model\CatModel.class.php 第 8 行.
NOTIC: [8] Use of undefined constant parent_id - assumed 'parent_id' D:\WWW\shop\Admin\Model\CatModel.class.php 第 8 行.
NOTIC: [8] Use of undefined constant parent_id - assumed 'parent_id' D:\WWW\shop\Admin\Model\CatModel.class.php 第 8 行.
NOTIC: [8] Use of undefined constant parent_id - assumed 'parent_id' D:\WWW\shop\Admin\Model\CatModel.class.php 第 8 行.
NOTIC: [8] Use of undefined constant parent_id - assumed 'parent_id' D:\WWW\shop\Admin\Model\CatModel.class.php 第 8 行.
NOTIC: [8] Use of undefined constant parent_id - assumed 'parent_id' D:\WWW\shop\Admin\Model\CatModel.class.php 第 8 行.
NOTIC: [8] Use of undefined constant parent_id - assumed 'parent_id' D:\WWW\shop\Admin\Model\CatModel.class.php 第 8 行.
NOTIC: [8] Use of undefined constant parent_id - assumed 'parent_id' D:\WWW\shop\Admin\Model\CatModel.class.php 第 8 行.
NOTIC: [8] Use of undefined constant parent_id - assumed 'parent_id' D:\WWW\shop\Admin\Model\CatModel.class.php 第 8 行.
NOTIC: [8] Use of undefined constant parent_id - assumed 'parent_id' D:\WWW\shop\Admin\Model\CatModel.class.php 第 8 行.
NOTIC: [8] Use of undefined constant parent_id - assumed 'parent_id' D:\WWW\shop\Admin\Model\CatModel.class.php 第 8 行.
NOTIC: [8] Use of undefined constant parent_id - assumed 'parent_id' D:\WWW\shop\Admin\Model\CatModel.class.php 第 8 行.
NOTIC: [8] Use of undefined constant parent_id - assumed 'parent_id' D:\WWW\shop\Admin\Model\CatModel.class.php 第 8 行.
NOTIC: [8] Use of undefined constant parent_id - assumed 'parent_id' D:\WWW\shop\Admin\Model\CatModel.class.php 第 8 行.
NOTIC: [8] Use of undefined constant parent_id - assumed 'parent_id' D:\WWW\shop\Admin\Model\CatModel.class.php 第 8 行.
NOTIC: [8] Use of undefined constant parent_id - assumed 'parent_id' D:\WWW\shop\Admin\Model\CatModel.class.php 第 8 行.
NOTIC: [8] Use of undefined constant parent_id - assumed 'parent_id' D:\WWW\shop\Admin\Model\CatModel.class.php 第 8 行.
SQL: SHOW COLUMNS FROM `goods` [ RunTime:0.0030s ]
SQL: SELECT `goods_id`,`goods_name`,`shop_price`,`goods_img`,`market_price` FROM `goods` WHERE ( is_hot = 1 ) ORDER BY goods_id desc LIMIT 0,4   [ RunTime:0.0000s ]
INFO: [ view_parse ] --START--
INFO: [ template_filter ] --START--
INFO: Run Behavior\ContentReplaceBehavior [ RunTime:0.000000s ]
INFO: [ template_filter ] --END-- [ RunTime:0.000000s ]
NOTIC: [8] Use of undefined constant cat_id - assumed 'cat_id' D:\WWW\shop\Runtime\Cache\Home\2f412aae274b751dca883838bf7e7502.php 第 88 行.
NOTIC: [8] Use of undefined constant parent_id - assumed 'parent_id' D:\WWW\shop\Runtime\Cache\Home\2f412aae274b751dca883838bf7e7502.php 第 88 行.
NOTIC: [8] Use of undefined constant cat_id - assumed 'cat_id' D:\WWW\shop\Runtime\Cache\Home\2f412aae274b751dca883838bf7e7502.php 第 88 行.
NOTIC: [8] Use of undefined constant parent_id - assumed 'parent_id' D:\WWW\shop\Runtime\Cache\Home\2f412aae274b751dca883838bf7e7502.php 第 88 行.
NOTIC: [8] Use of undefined constant cat_id - assumed 'cat_id' D:\WWW\shop\Runtime\Cache\Home\2f412aae274b751dca883838bf7e7502.php 第 88 行.
NOTIC: [8] Use of undefined constant cat_id - assumed 'cat_id' D:\WWW\shop\Runtime\Cache\Home\2f412aae274b751dca883838bf7e7502.php 第 88 行.
NOTIC: [8] Use of undefined constant parent_id - assumed 'parent_id' D:\WWW\shop\Runtime\Cache\Home\2f412aae274b751dca883838bf7e7502.php 第 88 行.
NOTIC: [8] Use of undefined constant cat_id - assumed 'cat_id' D:\WWW\shop\Runtime\Cache\Home\2f412aae274b751dca883838bf7e7502.php 第 88 行.
NOTIC: [8] Use of undefined constant cat_id - assumed 'cat_id' D:\WWW\shop\Runtime\Cache\Home\2f412aae274b751dca883838bf7e7502.php 第 88 行.
NOTIC: [8] Use of undefined constant parent_id - assumed 'parent_id' D:\WWW\shop\Runtime\Cache\Home\2f412aae274b751dca883838bf7e7502.php 第 88 行.
NOTIC: [8] Use of undefined constant cat_id - assumed 'cat_id' D:\WWW\shop\Runtime\Cache\Home\2f412aae274b751dca883838bf7e7502.php 第 88 行.
NOTIC: [8] Use of undefined constant cat_id - assumed 'cat_id' D:\WWW\shop\Runtime\Cache\Home\2f412aae274b751dca883838bf7e7502.php 第 88 行.
NOTIC: [8] Use of undefined constant parent_id - assumed 'parent_id' D:\WWW\shop\Runtime\Cache\Home\2f412aae274b751dca883838bf7e7502.php 第 88 行.
NOTIC: [8] Use of undefined constant cat_id - assumed 'cat_id' D:\WWW\shop\Runtime\Cache\Home\2f412aae274b751dca883838bf7e7502.php 第 88 行.
NOTIC: [8] Use of undefined constant parent_id - assumed 'parent_id' D:\WWW\shop\Runtime\Cache\Home\2f412aae274b751dca883838bf7e7502.php 第 88 行.
NOTIC: [8] Use of undefined constant cat_id - assumed 'cat_id' D:\WWW\shop\Runtime\Cache\Home\2f412aae274b751dca883838bf7e7502.php 第 88 行.
NOTIC: [8] Use of undefined constant cat_id - assumed 'cat_id' D:\WWW\shop\Runtime\Cache\Home\2f412aae274b751dca883838bf7e7502.php 第 88 行.
NOTIC: [8] Use of undefined constant parent_id - assumed 'parent_id' D:\WWW\shop\Runtime\Cache\Home\2f412aae274b751dca883838bf7e7502.php 第 88 行.
NOTIC: [8] Use of undefined constant cat_id - assumed 'cat_id' D:\WWW\shop\Runtime\Cache\Home\2f412aae274b751dca883838bf7e7502.php 第 88 行.
NOTIC: [8] Use of undefined constant parent_id - assumed 'parent_id' D:\WWW\shop\Runtime\Cache\Home\2f412aae274b751dca883838bf7e7502.php 第 88 行.
NOTIC: [8] Use of undefined constant cat_id - assumed 'cat_id' D:\WWW\shop\Runtime\Cache\Home\2f412aae274b751dca883838bf7e7502.php 第 88 行.
NOTIC: [8] Use of undefined constant parent_id - assumed 'parent_id' D:\WWW\shop\Runtime\Cache\Home\2f412aae274b751dca883838bf7e7502.php 第 88 行.
NOTIC: [8] Use of undefined constant cat_id - assumed 'cat_id' D:\WWW\shop\Runtime\Cache\Home\2f412aae274b751dca883838bf7e7502.php 第 88 行.
NOTIC: [8] Use of undefined constant parent_id - assumed 'parent_id' D:\WWW\shop\Runtime\Cache\Home\2f412aae274b751dca883838bf7e7502.php 第 88 行.
NOTIC: [8] Use of undefined constant cat_id - assumed 'cat_id' D:\WWW\shop\Runtime\Cache\Home\2f412aae274b751dca883838bf7e7502.php 第 88 行.
NOTIC: [8] Use of undefined constant parent_id - assumed 'parent_id' D:\WWW\shop\Runtime\Cache\Home\2f412aae274b751dca883838bf7e7502.php 第 88 行.
NOTIC: [8] Use of undefined constant cat_id - assumed 'cat_id' D:\WWW\shop\Runtime\Cache\Home\2f412aae274b751dca883838bf7e7502.php 第 88 行.
NOTIC: [8] Use of undefined constant parent_id - assumed 'parent_id' D:\WWW\shop\Runtime\Cache\Home\2f412aae274b751dca883838bf7e7502.php 第 88 行.
NOTIC: [8] Use of undefined constant cat_id - assumed 'cat_id' D:\WWW\shop\Runtime\Cache\Home\2f412aae274b751dca883838bf7e7502.php 第 88 行.
NOTIC: [8] Use of undefined constant parent_id - assumed 'parent_id' D:\WWW\shop\Runtime\Cache\Home\2f412aae274b751dca883838bf7e7502.php 第 88 行.
NOTIC: [8] Use of undefined constant cat_id - assumed 'cat_id' D:\WWW\shop\Runtime\Cache\Home\2f412aae274b751dca883838bf7e7502.php 第 88 行.
NOTIC: [8] Use of undefined constant parent_id - assumed 'parent_id' D:\WWW\shop\Runtime\Cache\Home\2f412aae274b751dca883838bf7e7502.php 第 88 行.
NOTIC: [8] Use of undefined constant cat_id - assumed 'cat_id' D:\WWW\shop\Runtime\Cache\Home\2f412aae274b751dca883838bf7e7502.php 第 88 行.
NOTIC: [8] Use of undefined constant parent_id - assumed 'parent_id' D:\WWW\shop\Runtime\Cache\Home\2f412aae274b751dca883838bf7e7502.php 第 88 行.
NOTIC: [8] Use of undefined constant cat_id - assumed 'cat_id' D:\WWW\shop\Runtime\Cache\Home\2f412aae274b751dca883838bf7e7502.php 第 88 行.
NOTIC: [8] Use of undefined constant parent_id - assumed 'parent_id' D:\WWW\shop\Runtime\Cache\Home\2f412aae274b751dca883838bf7e7502.php 第 88 行.
NOTIC: [8] Use of undefined constant cat_id - assumed 'cat_id' D:\WWW\shop\Runtime\Cache\Home\2f412aae274b751dca883838bf7e7502.php 第 88 行.
NOTIC: [8] Use of undefined constant parent_id - assumed 'parent_id' D:\WWW\shop\Runtime\Cache\Home\2f412aae274b751dca883838bf7e7502.php 第 88 行.
NOTIC: [8] Use of undefined constant cat_id - assumed 'cat_id' D:\WWW\shop\Runtime\Cache\Home\2f412aae274b751dca883838bf7e7502.php 第 88 行.
NOTIC: [8] Use of undefined constant parent_id - assumed 'parent_id' D:\WWW\shop\Runtime\Cache\Home\2f412aae274b751dca883838bf7e7502.php 第 88 行.
NOTIC: [8] Use of undefined constant cat_id - assumed 'cat_id' D:\WWW\shop\Runtime\Cache\Home\2f412aae274b751dca883838bf7e7502.php 第 88 行.
NOTIC: [8] Use of undefined constant parent_id - assumed 'parent_id' D:\WWW\shop\Runtime\Cache\Home\2f412aae274b751dca883838bf7e7502.php 第 88 行.
NOTIC: [8] Use of undefined constant cat_id - assumed 'cat_id' D:\WWW\shop\Runtime\Cache\Home\2f412aae274b751dca883838bf7e7502.php 第 88 行.
NOTIC: [8] Use of undefined constant parent_id - assumed 'parent_id' D:\WWW\shop\Runtime\Cache\Home\2f412aae274b751dca883838bf7e7502.php 第 88 行.
NOTIC: [8] Use of undefined constant cat_id - assumed 'cat_id' D:\WWW\shop\Runtime\Cache\Home\2f412aae274b751dca883838bf7e7502.php 第 88 行.
NOTIC: [8] Use of undefined constant parent_id - assumed 'parent_id' D:\WWW\shop\Runtime\Cache\Home\2f412aae274b751dca883838bf7e7502.php 第 88 行.
NOTIC: [8] Use of undefined constant cat_id - assumed 'cat_id' D:\WWW\shop\Runtime\Cache\Home\2f412aae274b751dca883838bf7e7502.php 第 88 行.
NOTIC: [8] Use of undefined constant parent_id - assumed 'parent_id' D:\WWW\shop\Runtime\Cache\Home\2f412aae274b751dca883838bf7e7502.php 第 88 行.
NOTIC: [8] Use of undefined constant cat_id - assumed 'cat_id' D:\WWW\shop\Runtime\Cache\Home\2f412aae274b751dca883838bf7e7502.php 第 88 行.
NOTIC: [8] Use of undefined constant parent_id - assumed 'parent_id' D:\WWW\shop\Runtime\Cache\Home\2f412aae274b751dca883838bf7e7502.php 第 88 行.
NOTIC: [8] Use of undefined constant cat_id - assumed 'cat_id' D:\WWW\shop\Runtime\Cache\Home\2f412aae274b751dca883838bf7e7502.php 第 88 行.
NOTIC: [8] Use of undefined constant cat_id - assumed 'cat_id' D:\WWW\shop\Runtime\Cache\Home\2f412aae274b751dca883838bf7e7502.php 第 88 行.
NOTIC: [8] Use of undefined constant parent_id - assumed 'parent_id' D:\WWW\shop\Runtime\Cache\Home\2f412aae274b751dca883838bf7e7502.php 第 88 行.
NOTIC: [8] Use of undefined constant cat_id - assumed 'cat_id' D:\WWW\shop\Runtime\Cache\Home\2f412aae274b751dca883838bf7e7502.php 第 88 行.
NOTIC: [8] Use of undefined constant cat_id - assumed 'cat_id' D:\WWW\shop\Runtime\Cache\Home\2f412aae274b751dca883838bf7e7502.php 第 88 行.
NOTIC: [8] Use of undefined constant parent_id - assumed 'parent_id' D:\WWW\shop\Runtime\Cache\Home\2f412aae274b751dca883838bf7e7502.php 第 88 行.
NOTIC: [8] Use of undefined constant cat_id - assumed 'cat_id' D:\WWW\shop\Runtime\Cache\Home\2f412aae274b751dca883838bf7e7502.php 第 88 行.
NOTIC: [8] Use of undefined constant cat_id - assumed 'cat_id' D:\WWW\shop\Runtime\Cache\Home\2f412aae274b751dca883838bf7e7502.php 第 88 行.
NOTIC: [8] Use of undefined constant parent_id - assumed 'parent_id' D:\WWW\shop\Runtime\Cache\Home\2f412aae274b751dca883838bf7e7502.php 第 88 行.
NOTIC: [8] Use of undefined constant cat_id - assumed 'cat_id' D:\WWW\shop\Runtime\Cache\Home\2f412aae274b751dca883838bf7e7502.php 第 88 行.
NOTIC: [8] Use of undefined constant cat_id - assumed 'cat_id' D:\WWW\shop\Runtime\Cache\Home\2f412aae274b751dca883838bf7e7502.php 第 88 行.
NOTIC: [8] Use of undefined constant parent_id - assumed 'parent_id' D:\WWW\shop\Runtime\Cache\Home\2f412aae274b751dca883838bf7e7502.php 第 88 行.
NOTIC: [8] Use of undefined constant cat_id - assumed 'cat_id' D:\WWW\shop\Runtime\Cache\Home\2f412aae274b751dca883838bf7e7502.php 第 88 行.
NOTIC: [8] Use of undefined constant parent_id - assumed 'parent_id' D:\WWW\shop\Runtime\Cache\Home\2f412aae274b751dca883838bf7e7502.php 第 88 行.
NOTIC: [8] Use of undefined constant cat_id - assumed 'cat_id' D:\WWW\shop\Runtime\Cache\Home\2f412aae274b751dca883838bf7e7502.php 第 88 行.
NOTIC: [8] Use of undefined constant parent_id - assumed 'parent_id' D:\WWW\shop\Runtime\Cache\Home\2f412aae274b751dca883838bf7e7502.php 第 88 行.
NOTIC: [8] Use of undefined constant cat_id - assumed 'cat_id' D:\WWW\shop\Runtime\Cache\Home\2f412aae274b751dca883838bf7e7502.php 第 88 行.
NOTIC: [8] Use of undefined constant parent_id - assumed 'parent_id' D:\WWW\shop\Runtime\Cache\Home\2f412aae274b751dca883838bf7e7502.php 第 88 行.
NOTIC: [8] Use of undefined constant cat_id - assumed 'cat_id' D:\WWW\shop\Runtime\Cache\Home\2f412aae274b751dca883838bf7e7502.php 第 88 行.
NOTIC: [8] Use of undefined constant parent_id - assumed 'parent_id' D:\WWW\shop\Runtime\Cache\Home\2f412aae274b751dca883838bf7e7502.php 第 88 行.
NOTIC: [8] Use of undefined constant cat_id - assumed 'cat_id' D:\WWW\shop\Runtime\Cache\Home\2f412aae274b751dca883838bf7e7502.php 第 88 行.
NOTIC: [8] Use of undefined constant parent_id - assumed 'parent_id' D:\WWW\shop\Runtime\Cache\Home\2f412aae274b751dca883838bf7e7502.php 第 88 行.
NOTIC: [8] Use of undefined constant cat_id - assumed 'cat_id' D:\WWW\shop\Runtime\Cache\Home\2f412aae274b751dca883838bf7e7502.php 第 88 行.
NOTIC: [8] Use of undefined constant parent_id - assumed 'parent_id' D:\WWW\shop\Runtime\Cache\Home\2f412aae274b751dca883838bf7e7502.php 第 88 行.
NOTIC: [8] Use of undefined constant cat_id - assumed 'cat_id' D:\WWW\shop\Runtime\Cache\Home\2f412aae274b751dca883838bf7e7502.php 第 88 行.
NOTIC: [8] Use of undefined constant parent_id - assumed 'parent_id' D:\WWW\shop\Runtime\Cache\Home\2f412aae274b751dca883838bf7e7502.php 第 88 行.
NOTIC: [8] Use of undefined constant cat_id - assumed 'cat_id' D:\WWW\shop\Runtime\Cache\Home\2f412aae274b751dca883838bf7e7502.php 第 88 行.
NOTIC: [8] Use of undefined constant parent_id - assumed 'parent_id' D:\WWW\shop\Runtime\Cache\Home\2f412aae274b751dca883838bf7e7502.php 第 88 行.
NOTIC: [8] Use of undefined constant cat_id - assumed 'cat_id' D:\WWW\shop\Runtime\Cache\Home\2f412aae274b751dca883838bf7e7502.php 第 88 行.
NOTIC: [8] Use of undefined constant parent_id - assumed 'parent_id' D:\WWW\shop\Runtime\Cache\Home\2f412aae274b751dca883838bf7e7502.php 第 88 行.
NOTIC: [8] Use of undefined constant cat_id - assumed 'cat_id' D:\WWW\shop\Runtime\Cache\Home\2f412aae274b751dca883838bf7e7502.php 第 88 行.
NOTIC: [8] Use of undefined constant parent_id - assumed 'parent_id' D:\WWW\shop\Runtime\Cache\Home\2f412aae274b751dca883838bf7e7502.php 第 88 行.
NOTIC: [8] Use of undefined constant cat_id - assumed 'cat_id' D:\WWW\shop\Runtime\Cache\Home\2f412aae274b751dca883838bf7e7502.php 第 88 行.
NOTIC: [8] Use of undefined constant parent_id - assumed 'parent_id' D:\WWW\shop\Runtime\Cache\Home\2f412aae274b751dca883838bf7e7502.php 第 88 行.
NOTIC: [8] Use of undefined constant cat_id - assumed 'cat_id' D:\WWW\shop\Runtime\Cache\Home\2f412aae274b751dca883838bf7e7502.php 第 88 行.
NOTIC: [8] Use of undefined constant parent_id - assumed 'parent_id' D:\WWW\shop\Runtime\Cache\Home\2f412aae274b751dca883838bf7e7502.php 第 88 行.
NOTIC: [8] Use of undefined constant cat_id - assumed 'cat_id' D:\WWW\shop\Runtime\Cache\Home\2f412aae274b751dca883838bf7e7502.php 第 88 行.
NOTIC: [8] Use of undefined constant parent_id - assumed 'parent_id' D:\WWW\shop\Runtime\Cache\Home\2f412aae274b751dca883838bf7e7502.php 第 88 行.
NOTIC: [8] Use of undefined constant cat_id - assumed 'cat_id' D:\WWW\shop\Runtime\Cache\Home\2f412aae274b751dca883838bf7e7502.php 第 88 行.
NOTIC: [8] Use of undefined constant parent_id - assumed 'parent_id' D:\WWW\shop\Runtime\Cache\Home\2f412aae274b751dca883838bf7e7502.php 第 88 行.
NOTIC: [8] Use of undefined constant cat_id - assumed 'cat_id' D:\WWW\shop\Runtime\Cache\Home\2f412aae274b751dca883838bf7e7502.php 第 88 行.
NOTIC: [8] Use of undefined constant parent_id - assumed 'parent_id' D:\WWW\shop\Runtime\Cache\Home\2f412aae274b751dca883838bf7e7502.php 第 88 行.
NOTIC: [8] Use of undefined constant cat_id - assumed 'cat_id' D:\WWW\shop\Runtime\Cache\Home\2f412aae274b751dca883838bf7e7502.php 第 88 行.
NOTIC: [8] Use of undefined constant parent_id - assumed 'parent_id' D:\WWW\shop\Runtime\Cache\Home\2f412aae274b751dca883838bf7e7502.php 第 88 行.
NOTIC: [8] Use of undefined constant cat_id - assumed 'cat_id' D:\WWW\shop\Runtime\Cache\Home\2f412aae274b751dca883838bf7e7502.php 第 88 行.
NOTIC: [8] Use of undefined constant cat_id - assumed 'cat_id' D:\WWW\shop\Runtime\Cache\Home\2f412aae274b751dca883838bf7e7502.php 第 88 行.
NOTIC: [8] Use of undefined constant parent_id - assumed 'parent_id' D:\WWW\shop\Runtime\Cache\Home\2f412aae274b751dca883838bf7e7502.php 第 88 行.
NOTIC: [8] Use of undefined constant cat_id - assumed 'cat_id' D:\WWW\shop\Runtime\Cache\Home\2f412aae274b751dca883838bf7e7502.php 第 88 行.
NOTIC: [8] Use of undefined constant cat_id - assumed 'cat_id' D:\WWW\shop\Runtime\Cache\Home\2f412aae274b751dca883838bf7e7502.php 第 88 行.
NOTIC: [8] Use of undefined constant parent_id - assumed 'parent_id' D:\WWW\shop\Runtime\Cache\Home\2f412aae274b751dca883838bf7e7502.php 第 88 行.
NOTIC: [8] Use of undefined constant cat_id - assumed 'cat_id' D:\WWW\shop\Runtime\Cache\Home\2f412aae274b751dca883838bf7e7502.php 第 88 行.
NOTIC: [8] Undefined variable: his D:\WWW\shop\Runtime\Cache\Home\2f412aae274b751dca883838bf7e7502.php 第 149 行.
NOTIC: [8] Use of undefined constant goods_id - assumed 'goods_id' D:\WWW\shop\Runtime\Cache\Home\2f412aae274b751dca883838bf7e7502.php 第 219 行.
NOTIC: [8] Use of undefined constant goods_img - assumed 'goods_img' D:\WWW\shop\Runtime\Cache\Home\2f412aae274b751dca883838bf7e7502.php 第 219 行.
NOTIC: [8] Use of undefined constant home - assumed 'home' D:\WWW\shop\Runtime\Cache\Home\2f412aae274b751dca883838bf7e7502.php 第 220 行.
NOTIC: [8] Use of undefined constant goods - assumed 'goods' D:\WWW\shop\Runtime\Cache\Home\2f412aae274b751dca883838bf7e7502.php 第 220 行.
NOTIC: [2] Division by zero D:\WWW\shop\Runtime\Cache\Home\2f412aae274b751dca883838bf7e7502.php 第 220 行.
NOTIC: [8] Use of undefined constant goods - assumed 'goods' D:\WWW\shop\Runtime\Cache\Home\2f412aae274b751dca883838bf7e7502.php 第 220 行.
NOTIC: [2] Division by zero D:\WWW\shop\Runtime\Cache\Home\2f412aae274b751dca883838bf7e7502.php 第 220 行.
NOTIC: [8] Use of undefined constant goods_id - assumed 'goods_id' D:\WWW\shop\Runtime\Cache\Home\2f412aae274b751dca883838bf7e7502.php 第 220 行.
NOTIC: [8] Use of undefined constant market_price - assumed 'market_price' D:\WWW\shop\Runtime\Cache\Home\2f412aae274b751dca883838bf7e7502.php 第 221 行.
NOTIC: [8] Use of undefined constant shop_price - assumed 'shop_price' D:\WWW\shop\Runtime\Cache\Home\2f412aae274b751dca883838bf7e7502.php 第 222 行.
NOTIC: [8] Use of undefined constant goods_id - assumed 'goods_id' D:\WWW\shop\Runtime\Cache\Home\2f412aae274b751dca883838bf7e7502.php 第 219 行.
NOTIC: [8] Use of undefined constant goods_img - assumed 'goods_img' D:\WWW\shop\Runtime\Cache\Home\2f412aae274b751dca883838bf7e7502.php 第 219 行.
NOTIC: [8] Use of undefined constant home - assumed 'home' D:\WWW\shop\Runtime\Cache\Home\2f412aae274b751dca883838bf7e7502.php 第 220 行.
NOTIC: [8] Use of undefined constant goods - assumed 'goods' D:\WWW\shop\Runtime\Cache\Home\2f412aae274b751dca883838bf7e7502.php 第 220 行.
NOTIC: [2] Division by zero D:\WWW\shop\Runtime\Cache\Home\2f412aae274b751dca883838bf7e7502.php 第 220 行.
NOTIC: [8] Use of undefined constant goods - assumed 'goods' D:\WWW\shop\Runtime\Cache\Home\2f412aae274b751dca883838bf7e7502.php 第 220 行.
NOTIC: [2] Division by zero D:\WWW\shop\Runtime\Cache\Home\2f412aae274b751dca883838bf7e7502.php 第 220 行.
NOTIC: [8] Use of undefined constant goods_id - assumed 'goods_id' D:\WWW\shop\Runtime\Cache\Home\2f412aae274b751dca883838bf7e7502.php 第 220 行.
NOTIC: [8] Use of undefined constant market_price - assumed 'market_price' D:\WWW\shop\Runtime\Cache\Home\2f412aae274b751dca883838bf7e7502.php 第 221 行.
NOTIC: [8] Use of undefined constant shop_price - assumed 'shop_price' D:\WWW\shop\Runtime\Cache\Home\2f412aae274b751dca883838bf7e7502.php 第 222 行.
NOTIC: [8] Use of undefined constant goods_id - assumed 'goods_id' D:\WWW\shop\Runtime\Cache\Home\2f412aae274b751dca883838bf7e7502.php 第 219 行.
NOTIC: [8] Use of undefined constant goods_img - assumed 'goods_img' D:\WWW\shop\Runtime\Cache\Home\2f412aae274b751dca883838bf7e7502.php 第 219 行.
NOTIC: [8] Use of undefined constant home - assumed 'home' D:\WWW\shop\Runtime\Cache\Home\2f412aae274b751dca883838bf7e7502.php 第 220 行.
NOTIC: [8] Use of undefined constant goods - assumed 'goods' D:\WWW\shop\Runtime\Cache\Home\2f412aae274b751dca883838bf7e7502.php 第 220 行.
NOTIC: [2] Division by zero D:\WWW\shop\Runtime\Cache\Home\2f412aae274b751dca883838bf7e7502.php 第 220 行.
NOTIC: [8] Use of undefined constant goods - assumed 'goods' D:\WWW\shop\Runtime\Cache\Home\2f412aae274b751dca883838bf7e7502.php 第 220 行.
NOTIC: [2] Division by zero D:\WWW\shop\Runtime\Cache\Home\2f412aae274b751dca883838bf7e7502.php 第 220 行.
NOTIC: [8] Use of undefined constant goods_id - assumed 'goods_id' D:\WWW\shop\Runtime\Cache\Home\2f412aae274b751dca883838bf7e7502.php 第 220 行.
NOTIC: [8] Use of undefined constant market_price - assumed 'market_price' D:\WWW\shop\Runtime\Cache\Home\2f412aae274b751dca883838bf7e7502.php 第 221 行.
NOTIC: [8] Use of undefined constant shop_price - assumed 'shop_price' D:\WWW\shop\Runtime\Cache\Home\2f412aae274b751dca883838bf7e7502.php 第 222 行.
NOTIC: [8] Use of undefined constant goods_id - assumed 'goods_id' D:\WWW\shop\Runtime\Cache\Home\2f412aae274b751dca883838bf7e7502.php 第 219 行.
NOTIC: [8] Use of undefined constant goods_img - assumed 'goods_img' D:\WWW\shop\Runtime\Cache\Home\2f412aae274b751dca883838bf7e7502.php 第 219 行.
NOTIC: [8] Use of undefined constant home - assumed 'home' D:\WWW\shop\Runtime\Cache\Home\2f412aae274b751dca883838bf7e7502.php 第 220 行.
NOTIC: [8] Use of undefined constant goods - assumed 'goods' D:\WWW\shop\Runtime\Cache\Home\2f412aae274b751dca883838bf7e7502.php 第 220 行.
NOTIC: [2] Division by zero D:\WWW\shop\Runtime\Cache\Home\2f412aae274b751dca883838bf7e7502.php 第 220 行.
NOTIC: [8] Use of undefined constant goods - assumed 'goods' D:\WWW\shop\Runtime\Cache\Home\2f412aae274b751dca883838bf7e7502.php 第 220 行.
NOTIC: [2] Division by zero D:\WWW\shop\Runtime\Cache\Home\2f412aae274b751dca883838bf7e7502.php 第 220 行.
NOTIC: [8] Use of undefined constant goods_id - assumed 'goods_id' D:\WWW\shop\Runtime\Cache\Home\2f412aae274b751dca883838bf7e7502.php 第 220 行.
NOTIC: [8] Use of undefined constant market_price - assumed 'market_price' D:\WWW\shop\Runtime\Cache\Home\2f412aae274b751dca883838bf7e7502.php 第 221 行.
NOTIC: [8] Use of undefined constant shop_price - assumed 'shop_price' D:\WWW\shop\Runtime\Cache\Home\2f412aae274b751dca883838bf7e7502.php 第 222 行.
INFO: Run Behavior\ParseTemplateBehavior [ RunTime:0.018001s ]
INFO: [ view_parse ] --END-- [ RunTime:0.018001s ]
INFO: [ view_filter ] --START--
INFO: Run Behavior\WriteHtmlCacheBehavior [ RunTime:0.001000s ]
INFO: [ view_filter ] --END-- [ RunTime:0.001000s ]
INFO: [ app_end ] --START--
INFO: Run Behavior\ShowPageTraceBehavior [ RunTime:0.000000s ]
INFO: [ app_end ] --END-- [ RunTime:0.000000s ]

